d:\program\yh_opencv2\yh_opencv1\debug\vc120.pdb
d:\program\yh_opencv2\yh_opencv1\debug\vc120.idb
d:\program\yh_opencv2\yh_opencv1\debug\advancemath.obj
d:\program\yh_opencv2\yh_opencv1\debug\dipkernel.obj
d:\program\yh_opencv2\yh_opencv1\debug\filters.obj
d:\program\yh_opencv2\yh_opencv1\debug\histogram.obj
d:\program\yh_opencv2\yh_opencv1\debug\main.obj
d:\program\yh_opencv2\yh_opencv1\debug\morphology.obj
d:\program\yh_opencv2\yh_opencv1\debug\myfeatureextractor.obj
d:\program\yh_opencv2\yh_opencv1\debug\myhog.obj
d:\program\yh_opencv2\yh_opencv1\debug\myimagesequence.obj
d:\program\yh_opencv2\yh_opencv1\debug\mylbp.obj
d:\program\yh_opencv2\yh_opencv1\debug\noise.obj
d:\program\yh_opencv2\yh_opencv1\debug\sort.obj
d:\program\yh_opencv2\yh_opencv1\debug\thresholding.obj
d:\program\yh_opencv2\debug\yh_opencv2.ilk
d:\program\yh_opencv2\debug\yh_opencv2.exe
d:\program\yh_opencv2\debug\yh_opencv2.pdb
d:\program\yh_opencv2\yh_opencv1\debug\yh_opencv2.tlog\cl.command.1.tlog
d:\program\yh_opencv2\yh_opencv1\debug\yh_opencv2.tlog\cl.read.1.tlog
d:\program\yh_opencv2\yh_opencv1\debug\yh_opencv2.tlog\cl.write.1.tlog
d:\program\yh_opencv2\yh_opencv1\debug\yh_opencv2.tlog\link.command.1.tlog
d:\program\yh_opencv2\yh_opencv1\debug\yh_opencv2.tlog\link.read.1.tlog
d:\program\yh_opencv2\yh_opencv1\debug\yh_opencv2.tlog\link.write.1.tlog
