Build started 2015/12/7 下午 05:06:28.
     1>Project "D:\Program\YH_OpenCV2\YH_OpenCV1\YH_OpenCV1.vcxproj" on node 2 (Build target(s)).
     1>C:\Program Files (x86)\MSBuild\Microsoft.Cpp\v4.0\V120\Microsoft.CppBuild.targets(381,5): warning MSB8028: The intermediate directory (Debug\) contains files shared from another project (YH_OpenCV1.vcxproj).  This can lead to incorrect clean and rebuild behavior.
     1>ClCompile:
         C:\Program Files (x86)\Microsoft Visual Studio 12.0\VC\bin\CL.exe /c /ZI /nologo /W3 /WX- /sdl /Od /Oy- /D WIN32 /D _DEBUG /D _CONSOLE /D _LIB /D _UNICODE /D UNICODE /Gm /EHsc /RTC1 /MDd /GS /fp:precise /Zc:wchar_t /Zc:forScope /Fo"Debug\\" /Fd"Debug\vc120.pdb" /Gd /TP /analyze- /errorReport:prompt Main.cpp
         Main.cpp
     1>d:\program\yh_opencv2\yh_opencv1\main.cpp(143): warning C4305: 'argument' : truncation from 'double' to 'float'
     1>d:\program\yh_opencv2\yh_opencv1\main.cpp(157): warning C4305: 'argument' : truncation from 'double' to 'float'
     1>d:\program\yh_opencv2\yh_opencv1\main.cpp(274): warning C4305: 'argument' : truncation from 'double' to 'float'
     1>d:\program\yh_opencv2\yh_opencv1\main.cpp(280): warning C4305: 'argument' : truncation from 'double' to 'float'
     1>d:\program\yh_opencv2\yh_opencv1\main.cpp(293): warning C4305: 'argument' : truncation from 'double' to 'float'
       Link:
         C:\Program Files (x86)\Microsoft Visual Studio 12.0\VC\bin\link.exe /ERRORREPORT:PROMPT /OUT:"D:\Program\YH_OpenCV2\Debug\YH_OpenCV2.exe" /INCREMENTAL /NOLOGO opencv_calib3d2411d.lib opencv_contrib2411d.lib opencv_core2411d.lib opencv_features2d2411d.lib opencv_flann2411d.lib opencv_gpu2411d.lib opencv_highgui2411d.lib opencv_imgproc2411d.lib opencv_legacy2411d.lib opencv_ml2411d.lib opencv_nonfree2411d.lib opencv_objdetect2411d.lib opencv_ocl2411d.lib opencv_photo2411d.lib opencv_stitching2411d.lib opencv_superres2411d.lib opencv_ts2411d.lib opencv_video2411d.lib opencv_videostab2411d.lib opencv_calib3d2411d.lib opencv_contrib2411d.lib opencv_core2411d.lib opencv_features2d2411d.lib opencv_flann2411d.lib opencv_gpu2411d.lib opencv_highgui2411d.lib opencv_imgproc2411d.lib opencv_legacy2411d.lib opencv_ml2411d.lib opencv_nonfree2411d.lib opencv_objdetect2411d.lib opencv_ocl2411d.lib opencv_photo2411d.lib opencv_stitching2411d.lib opencv_superres2411d.lib opencv_ts2411d.lib opencv_video2411d.lib opencv_videostab2411d.lib kernel32.lib user32.lib gdi32.lib winspool.lib comdlg32.lib advapi32.lib shell32.lib ole32.lib oleaut32.lib uuid.lib odbc32.lib odbccp32.lib /MANIFEST /MANIFESTUAC:"level='asInvoker' uiAccess='false'" /manifest:embed /DEBUG /PDB:"D:\Program\YH_OpenCV2\Debug\YH_OpenCV2.pdb" /SUBSYSTEM:CONSOLE /TLBID:1 /DYNAMICBASE /NXCOMPAT /IMPLIB:"D:\Program\YH_OpenCV2\Debug\YH_OpenCV2.lib" /MACHINE:X86 Debug\AdvanceMath.obj
         Debug\Filters.obj
         Debug\Histogram.obj
         Debug\Main.obj
         Debug\Morphology.obj
         Debug\Noise.obj
         Debug\Sort.obj
         YH_OpenCV1.vcxproj -> D:\Program\YH_OpenCV2\Debug\YH_OpenCV2.exe
     1>Done Building Project "D:\Program\YH_OpenCV2\YH_OpenCV1\YH_OpenCV1.vcxproj" (Build target(s)).

Build succeeded.

Time Elapsed 00:00:00.79
